[ 2025-06-26 16:14:41,193 ] 1025 httpx - INFO - HTTP Request: GET https://dagshub.com/api/v1/user "HTTP/1.1 200 OK"
[ 2025-06-26 16:14:41,197 ] 107 dagshub - INFO - Accessing as netra200021kcbdr
[ 2025-06-26 16:14:41,375 ] 1025 httpx - INFO - HTTP Request: GET https://dagshub.com/api/v1/repos/netra200021kcbdr/Network-Security "HTTP/1.1 200 OK"
[ 2025-06-26 16:14:41,523 ] 1025 httpx - INFO - HTTP Request: GET https://dagshub.com/api/v1/user "HTTP/1.1 200 OK"
[ 2025-06-26 16:14:41,527 ] 107 dagshub - INFO - Initialized MLflow to track repo "netra200021kcbdr/Network-Security"
[ 2025-06-26 16:14:41,527 ] 107 dagshub - INFO - Repository netra200021kcbdr/Network-Security initialized!
[ 2025-06-26 16:14:41,527 ] 20 root - INFO - Initiate the data ingestion.
[ 2025-06-26 16:14:42,461 ] 65 root - INFO - Performed train test split on the dataframe
[ 2025-06-26 16:14:42,461 ] 67 root - INFO - Exited split_data_as_train_test method of Data_Ingestion class
[ 2025-06-26 16:14:42,461 ] 75 root - INFO - Exporting train and test file path.
[ 2025-06-26 16:14:42,492 ] 84 root - INFO - Exported train and test file path.
[ 2025-06-26 16:14:42,492 ] 22 root - INFO - Data Initiation Completed.
[ 2025-06-26 16:14:42,495 ] 28 root - INFO - Initiate the data validation
[ 2025-06-26 16:14:42,504 ] 31 root - INFO - Required number of columns:2
[ 2025-06-26 16:14:42,504 ] 32 root - INFO - Data frame has columns:31
[ 2025-06-26 16:14:42,504 ] 31 root - INFO - Required number of columns:2
[ 2025-06-26 16:14:42,504 ] 32 root - INFO - Data frame has columns:31
[ 2025-06-26 16:14:42,594 ] 30 root - INFO - Data Validation Completed.
[ 2025-06-26 16:14:42,594 ] 35 root - INFO - data Transformation started
[ 2025-06-26 16:14:42,594 ] 61 root - INFO - Entered initiate_data_transformation method of DataTransformation class
[ 2025-06-26 16:14:42,594 ] 63 root - INFO - Starting data transformation
[ 2025-06-26 16:14:42,605 ] 47 root - INFO - Entered get_data_trnasformer_object method of Transformation class
[ 2025-06-26 16:14:42,605 ] 52 root - INFO - Initialise KNNImputer with {'missing_values': nan, 'n_neighbors': 3, 'weights': 'uniform'}
[ 2025-06-26 16:14:42,608 ] 46 root - INFO - Entered the save_object method of MainUtils class
[ 2025-06-26 16:14:42,609 ] 50 root - INFO - Exited the save_object method of MainUtils class
[ 2025-06-26 16:14:42,609 ] 46 root - INFO - Entered the save_object method of MainUtils class
[ 2025-06-26 16:14:42,610 ] 50 root - INFO - Exited the save_object method of MainUtils class
[ 2025-06-26 16:14:42,610 ] 39 root - INFO - data Transformation completed
[ 2025-06-26 16:14:42,610 ] 42 root - INFO - Model Training sstared
[ 2025-06-26 16:16:48,777 ] 46 root - INFO - Entered the save_object method of MainUtils class
[ 2025-06-26 16:16:48,778 ] 50 root - INFO - Exited the save_object method of MainUtils class
[ 2025-06-26 16:16:48,778 ] 46 root - INFO - Entered the save_object method of MainUtils class
[ 2025-06-26 16:16:48,795 ] 50 root - INFO - Exited the save_object method of MainUtils class
[ 2025-06-26 16:16:48,795 ] 127 root - INFO - Model trainer artifact: ModelTrainerArtifact(trained_model_file_path='Artifacts/06_26_2025_16_14_40/model_trainer/trained_model/model.pkl', train_metric_artifact=ClassificationMetricArtifact(f1_score=0.9903406202338587, precision_score=0.9872288668153254, recall_score=0.9934720522235823), test_metric_artifact=ClassificationMetricArtifact(f1_score=0.9799518845228549, precision_score=0.9862792574656981, recall_score=0.9737051792828685))
