[ 2025-06-26 21:14:55,354 ] 1025 httpx - INFO - HTTP Request: GET https://dagshub.com/api/v1/user "HTTP/1.1 200 OK"
[ 2025-06-26 21:14:55,358 ] 107 dagshub - INFO - Accessing as netra200021kcbdr
[ 2025-06-26 21:14:55,538 ] 1025 httpx - INFO - HTTP Request: GET https://dagshub.com/api/v1/repos/netra200021kcbdr/Network-Security "HTTP/1.1 200 OK"
[ 2025-06-26 21:14:55,682 ] 1025 httpx - INFO - HTTP Request: GET https://dagshub.com/api/v1/user "HTTP/1.1 200 OK"
[ 2025-06-26 21:14:55,686 ] 107 dagshub - INFO - Initialized MLflow to track repo "netra200021kcbdr/Network-Security"
[ 2025-06-26 21:14:55,687 ] 107 dagshub - INFO - Repository netra200021kcbdr/Network-Security initialized!
[ 2025-06-26 21:15:10,751 ] 38 root - INFO - Start data Ingestion
[ 2025-06-26 21:15:11,763 ] 65 root - INFO - Performed train test split on the dataframe
[ 2025-06-26 21:15:11,763 ] 67 root - INFO - Exited split_data_as_train_test method of Data_Ingestion class
[ 2025-06-26 21:15:11,763 ] 75 root - INFO - Exporting train and test file path.
[ 2025-06-26 21:15:11,795 ] 84 root - INFO - Exported train and test file path.
[ 2025-06-26 21:15:11,795 ] 41 root - INFO - Data Ingestion completed and artifact: DataIngestionArtifact(trained_file_path='Artifacts/06_26_2025_21_14_54/data_ingestion/ingested/train.csv', test_file_path='Artifacts/06_26_2025_21_14_54/data_ingestion/ingested/test.csv')
[ 2025-06-26 21:15:11,798 ] 51 root - INFO - Initiate the data Validation
[ 2025-06-26 21:15:11,807 ] 31 root - INFO - Required number of columns:2
[ 2025-06-26 21:15:11,807 ] 32 root - INFO - Data frame has columns:31
[ 2025-06-26 21:15:11,807 ] 31 root - INFO - Required number of columns:2
[ 2025-06-26 21:15:11,807 ] 32 root - INFO - Data frame has columns:31
[ 2025-06-26 21:15:11,892 ] 61 root - INFO - Entered initiate_data_transformation method of DataTransformation class
[ 2025-06-26 21:15:11,892 ] 63 root - INFO - Starting data transformation
[ 2025-06-26 21:15:11,902 ] 47 root - INFO - Entered get_data_trnasformer_object method of Transformation class
[ 2025-06-26 21:15:11,902 ] 52 root - INFO - Initialise KNNImputer with {'missing_values': nan, 'n_neighbors': 3, 'weights': 'uniform'}
[ 2025-06-26 21:15:11,905 ] 46 root - INFO - Entered the save_object method of MainUtils class
[ 2025-06-26 21:15:11,906 ] 50 root - INFO - Exited the save_object method of MainUtils class
[ 2025-06-26 21:15:11,906 ] 46 root - INFO - Entered the save_object method of MainUtils class
[ 2025-06-26 21:15:11,907 ] 50 root - INFO - Exited the save_object method of MainUtils class
[ 2025-06-26 21:17:20,733 ] 46 root - INFO - Entered the save_object method of MainUtils class
[ 2025-06-26 21:17:20,734 ] 50 root - INFO - Exited the save_object method of MainUtils class
[ 2025-06-26 21:17:20,734 ] 46 root - INFO - Entered the save_object method of MainUtils class
[ 2025-06-26 21:17:20,763 ] 50 root - INFO - Exited the save_object method of MainUtils class
[ 2025-06-26 21:17:20,763 ] 127 root - INFO - Model trainer artifact: ModelTrainerArtifact(trained_model_file_path='Artifacts/06_26_2025_21_14_54/model_trainer/trained_model/model.pkl', train_metric_artifact=ClassificationMetricArtifact(f1_score=0.9905574169966495, precision_score=0.9862515163768703, recall_score=0.9949010809708342), test_metric_artifact=ClassificationMetricArtifact(f1_score=0.9735282497036745, precision_score=0.9647611589663273, recall_score=0.9824561403508771))
