[ 2025-06-26 16:00:18,405 ] 1025 httpx - INFO - HTTP Request: GET https://dagshub.com/api/v1/user "HTTP/1.1 200 OK"
[ 2025-06-26 16:00:18,412 ] 107 dagshub - INFO - Accessing as netra200021kcbdr
[ 2025-06-26 16:00:18,592 ] 1025 httpx - INFO - HTTP Request: GET https://dagshub.com/api/v1/repos/netra200021kcbdr/Network-Security "HTTP/1.1 200 OK"
[ 2025-06-26 16:00:18,743 ] 1025 httpx - INFO - HTTP Request: GET https://dagshub.com/api/v1/user "HTTP/1.1 200 OK"
[ 2025-06-26 16:00:18,748 ] 107 dagshub - INFO - Initialized MLflow to track repo "netra200021kcbdr/Network-Security"
[ 2025-06-26 16:00:18,748 ] 107 dagshub - INFO - Repository netra200021kcbdr/Network-Security initialized!
[ 2025-06-26 16:00:18,749 ] 20 root - INFO - Initiate the data ingestion.
[ 2025-06-26 16:00:20,175 ] 65 root - INFO - Performed train test split on the dataframe
[ 2025-06-26 16:00:20,175 ] 67 root - INFO - Exited split_data_as_train_test method of Data_Ingestion class
[ 2025-06-26 16:00:20,175 ] 75 root - INFO - Exporting train and test file path.
[ 2025-06-26 16:00:20,207 ] 84 root - INFO - Exported train and test file path.
[ 2025-06-26 16:00:20,207 ] 22 root - INFO - Data Initiation Completed.
[ 2025-06-26 16:00:20,210 ] 28 root - INFO - Initiate the data validation
[ 2025-06-26 16:00:20,220 ] 31 root - INFO - Required number of columns:2
[ 2025-06-26 16:00:20,220 ] 32 root - INFO - Data frame has columns:31
[ 2025-06-26 16:00:20,220 ] 31 root - INFO - Required number of columns:2
[ 2025-06-26 16:00:20,220 ] 32 root - INFO - Data frame has columns:31
[ 2025-06-26 16:00:20,322 ] 30 root - INFO - Data Validation Completed.
[ 2025-06-26 16:00:20,322 ] 35 root - INFO - data Transformation started
[ 2025-06-26 16:00:20,322 ] 61 root - INFO - Entered initiate_data_transformation method of DataTransformation class
[ 2025-06-26 16:00:20,322 ] 63 root - INFO - Starting data transformation
[ 2025-06-26 16:00:20,332 ] 47 root - INFO - Entered get_data_trnasformer_object method of Transformation class
[ 2025-06-26 16:00:20,332 ] 52 root - INFO - Initialise KNNImputer with {'missing_values': nan, 'n_neighbors': 3, 'weights': 'uniform'}
[ 2025-06-26 16:00:20,335 ] 46 root - INFO - Entered the save_object method of MainUtils class
[ 2025-06-26 16:00:20,336 ] 50 root - INFO - Exited the save_object method of MainUtils class
[ 2025-06-26 16:00:20,336 ] 39 root - INFO - data Transformation completed
[ 2025-06-26 16:00:20,336 ] 42 root - INFO - Model Training sstared
