[ 2025-06-26 16:09:39,402 ] 1025 httpx - INFO - HTTP Request: GET https://dagshub.com/api/v1/user "HTTP/1.1 200 OK"
[ 2025-06-26 16:09:39,405 ] 107 dagshub - INFO - Accessing as netra200021kcbdr
[ 2025-06-26 16:09:39,576 ] 1025 httpx - INFO - HTTP Request: GET https://dagshub.com/api/v1/repos/netra200021kcbdr/Network-Security "HTTP/1.1 200 OK"
[ 2025-06-26 16:09:39,716 ] 1025 httpx - INFO - HTTP Request: GET https://dagshub.com/api/v1/user "HTTP/1.1 200 OK"
[ 2025-06-26 16:09:39,718 ] 107 dagshub - INFO - Initialized MLflow to track repo "netra200021kcbdr/Network-Security"
[ 2025-06-26 16:09:39,718 ] 107 dagshub - INFO - Repository netra200021kcbdr/Network-Security initialized!
[ 2025-06-26 16:09:39,718 ] 20 root - INFO - Initiate the data ingestion.
[ 2025-06-26 16:09:40,667 ] 65 root - INFO - Performed train test split on the dataframe
[ 2025-06-26 16:09:40,667 ] 67 root - INFO - Exited split_data_as_train_test method of Data_Ingestion class
[ 2025-06-26 16:09:40,667 ] 75 root - INFO - Exporting train and test file path.
[ 2025-06-26 16:09:40,700 ] 84 root - INFO - Exported train and test file path.
[ 2025-06-26 16:09:40,701 ] 22 root - INFO - Data Initiation Completed.
[ 2025-06-26 16:09:40,703 ] 28 root - INFO - Initiate the data validation
[ 2025-06-26 16:09:40,713 ] 31 root - INFO - Required number of columns:2
[ 2025-06-26 16:09:40,713 ] 32 root - INFO - Data frame has columns:31
[ 2025-06-26 16:09:40,713 ] 31 root - INFO - Required number of columns:2
[ 2025-06-26 16:09:40,713 ] 32 root - INFO - Data frame has columns:31
[ 2025-06-26 16:09:40,794 ] 30 root - INFO - Data Validation Completed.
[ 2025-06-26 16:09:40,794 ] 35 root - INFO - data Transformation started
[ 2025-06-26 16:09:40,794 ] 61 root - INFO - Entered initiate_data_transformation method of DataTransformation class
[ 2025-06-26 16:09:40,794 ] 63 root - INFO - Starting data transformation
[ 2025-06-26 16:09:40,804 ] 47 root - INFO - Entered get_data_trnasformer_object method of Transformation class
[ 2025-06-26 16:09:40,804 ] 52 root - INFO - Initialise KNNImputer with {'missing_values': nan, 'n_neighbors': 3, 'weights': 'uniform'}
[ 2025-06-26 16:09:40,808 ] 46 root - INFO - Entered the save_object method of MainUtils class
[ 2025-06-26 16:09:40,808 ] 50 root - INFO - Exited the save_object method of MainUtils class
[ 2025-06-26 16:09:40,809 ] 39 root - INFO - data Transformation completed
[ 2025-06-26 16:09:40,809 ] 42 root - INFO - Model Training sstared
[ 2025-06-26 16:11:45,155 ] 46 root - INFO - Entered the save_object method of MainUtils class
[ 2025-06-26 16:11:45,155 ] 50 root - INFO - Exited the save_object method of MainUtils class
[ 2025-06-26 16:11:45,155 ] 46 root - INFO - Entered the save_object method of MainUtils class
[ 2025-06-26 16:11:45,175 ] 50 root - INFO - Exited the save_object method of MainUtils class
[ 2025-06-26 16:11:45,175 ] 127 root - INFO - Model trainer artifact: ModelTrainerArtifact(trained_model_file_path='Artifacts/06_26_2025_16_09_38/model_trainer/trained_model/model.pkl', train_metric_artifact=ClassificationMetricArtifact(f1_score=0.9906995551961181, precision_score=0.9894991922455574, recall_score=0.9919028340080972), test_metric_artifact=ClassificationMetricArtifact(f1_score=0.9759478189971463, precision_score=0.9684466019417476, recall_score=0.9835661462612982))
