[ 2025-06-26 18:04:26,052 ] 1025 httpx - INFO - HTTP Request: GET https://dagshub.com/api/v1/user "HTTP/1.1 200 OK"
[ 2025-06-26 18:04:26,057 ] 107 dagshub - INFO - Accessing as netra200021kcbdr
[ 2025-06-26 18:04:26,242 ] 1025 httpx - INFO - HTTP Request: GET https://dagshub.com/api/v1/repos/netra200021kcbdr/Network-Security "HTTP/1.1 200 OK"
[ 2025-06-26 18:04:26,391 ] 1025 httpx - INFO - HTTP Request: GET https://dagshub.com/api/v1/user "HTTP/1.1 200 OK"
[ 2025-06-26 18:04:26,394 ] 107 dagshub - INFO - Initialized MLflow to track repo "netra200021kcbdr/Network-Security"
[ 2025-06-26 18:04:26,395 ] 107 dagshub - INFO - Repository netra200021kcbdr/Network-Security initialized!
[ 2025-06-26 18:05:46,040 ] 37 root - INFO - Start data Ingestion
[ 2025-06-26 18:05:47,072 ] 65 root - INFO - Performed train test split on the dataframe
[ 2025-06-26 18:05:47,072 ] 67 root - INFO - Exited split_data_as_train_test method of Data_Ingestion class
[ 2025-06-26 18:05:47,072 ] 75 root - INFO - Exporting train and test file path.
[ 2025-06-26 18:05:47,104 ] 84 root - INFO - Exported train and test file path.
[ 2025-06-26 18:05:47,105 ] 40 root - INFO - Data Ingestion completed and artifact: DataIngestionArtifact(trained_file_path='Artifacts/06_26_2025_18_04_24/data_ingestion/ingested/train.csv', test_file_path='Artifacts/06_26_2025_18_04_24/data_ingestion/ingested/test.csv')
[ 2025-06-26 18:05:47,107 ] 50 root - INFO - Initiate the data Validation
[ 2025-06-26 18:05:47,116 ] 31 root - INFO - Required number of columns:2
[ 2025-06-26 18:05:47,116 ] 32 root - INFO - Data frame has columns:31
[ 2025-06-26 18:05:47,116 ] 31 root - INFO - Required number of columns:2
[ 2025-06-26 18:05:47,116 ] 32 root - INFO - Data frame has columns:31
[ 2025-06-26 18:05:47,203 ] 61 root - INFO - Entered initiate_data_transformation method of DataTransformation class
[ 2025-06-26 18:05:47,203 ] 63 root - INFO - Starting data transformation
[ 2025-06-26 18:05:47,212 ] 47 root - INFO - Entered get_data_trnasformer_object method of Transformation class
[ 2025-06-26 18:05:47,212 ] 52 root - INFO - Initialise KNNImputer with {'missing_values': nan, 'n_neighbors': 3, 'weights': 'uniform'}
[ 2025-06-26 18:05:47,215 ] 46 root - INFO - Entered the save_object method of MainUtils class
[ 2025-06-26 18:05:47,216 ] 50 root - INFO - Exited the save_object method of MainUtils class
[ 2025-06-26 18:05:47,216 ] 46 root - INFO - Entered the save_object method of MainUtils class
[ 2025-06-26 18:05:47,216 ] 50 root - INFO - Exited the save_object method of MainUtils class
[ 2025-06-26 18:07:51,664 ] 46 root - INFO - Entered the save_object method of MainUtils class
[ 2025-06-26 18:07:51,665 ] 50 root - INFO - Exited the save_object method of MainUtils class
[ 2025-06-26 18:07:51,665 ] 46 root - INFO - Entered the save_object method of MainUtils class
[ 2025-06-26 18:07:51,684 ] 50 root - INFO - Exited the save_object method of MainUtils class
[ 2025-06-26 18:07:51,684 ] 127 root - INFO - Model trainer artifact: ModelTrainerArtifact(trained_model_file_path='Artifacts/06_26_2025_18_04_24/model_trainer/trained_model/model.pkl', train_metric_artifact=ClassificationMetricArtifact(f1_score=0.9908350305498982, precision_score=0.9882185659150924, recall_score=0.9934653869716152), test_metric_artifact=ClassificationMetricArtifact(f1_score=0.979009900990099, precision_score=0.9770750988142293, recall_score=0.9809523809523809))
