[ 2025-06-26 16:05:04,043 ] 1025 httpx - INFO - HTTP Request: GET https://dagshub.com/api/v1/user "HTTP/1.1 200 OK"
[ 2025-06-26 16:05:04,048 ] 107 dagshub - INFO - Accessing as netra200021kcbdr
[ 2025-06-26 16:05:04,229 ] 1025 httpx - INFO - HTTP Request: GET https://dagshub.com/api/v1/repos/netra200021kcbdr/Network-Security "HTTP/1.1 200 OK"
[ 2025-06-26 16:05:04,366 ] 1025 httpx - INFO - HTTP Request: GET https://dagshub.com/api/v1/user "HTTP/1.1 200 OK"
[ 2025-06-26 16:05:04,367 ] 107 dagshub - INFO - Initialized MLflow to track repo "netra200021kcbdr/Network-Security"
[ 2025-06-26 16:05:04,368 ] 107 dagshub - INFO - Repository netra200021kcbdr/Network-Security initialized!
[ 2025-06-26 16:05:04,368 ] 20 root - INFO - Initiate the data ingestion.
[ 2025-06-26 16:05:05,430 ] 65 root - INFO - Performed train test split on the dataframe
[ 2025-06-26 16:05:05,430 ] 67 root - INFO - Exited split_data_as_train_test method of Data_Ingestion class
[ 2025-06-26 16:05:05,430 ] 75 root - INFO - Exporting train and test file path.
[ 2025-06-26 16:05:05,461 ] 84 root - INFO - Exported train and test file path.
[ 2025-06-26 16:05:05,461 ] 22 root - INFO - Data Initiation Completed.
[ 2025-06-26 16:05:05,464 ] 28 root - INFO - Initiate the data validation
[ 2025-06-26 16:05:05,473 ] 31 root - INFO - Required number of columns:2
[ 2025-06-26 16:05:05,473 ] 32 root - INFO - Data frame has columns:31
[ 2025-06-26 16:05:05,473 ] 31 root - INFO - Required number of columns:2
[ 2025-06-26 16:05:05,473 ] 32 root - INFO - Data frame has columns:31
[ 2025-06-26 16:05:05,554 ] 30 root - INFO - Data Validation Completed.
[ 2025-06-26 16:05:05,554 ] 35 root - INFO - data Transformation started
[ 2025-06-26 16:05:05,554 ] 61 root - INFO - Entered initiate_data_transformation method of DataTransformation class
[ 2025-06-26 16:05:05,554 ] 63 root - INFO - Starting data transformation
[ 2025-06-26 16:05:05,564 ] 47 root - INFO - Entered get_data_trnasformer_object method of Transformation class
[ 2025-06-26 16:05:05,564 ] 52 root - INFO - Initialise KNNImputer with {'missing_values': nan, 'n_neighbors': 3, 'weights': 'uniform'}
[ 2025-06-26 16:05:05,568 ] 46 root - INFO - Entered the save_object method of MainUtils class
[ 2025-06-26 16:05:05,569 ] 50 root - INFO - Exited the save_object method of MainUtils class
[ 2025-06-26 16:05:05,569 ] 39 root - INFO - data Transformation completed
[ 2025-06-26 16:05:05,569 ] 42 root - INFO - Model Training sstared
